<?xml version="1.0" encoding="UTF-8"?>
<testsuites name="Mocha Tests" time="0.0510" tests="9" failures="1">
  <testsuite name="Root Suite" timestamp="2022-07-04T15:59:08" tests="0" time="0.0000" failures="0">
  </testsuite>
  <testsuite name="POST /users" timestamp="2022-07-04T15:59:08" tests="0" file="/Users/quentin/Documents/GitHub/ProjetTS/test/auth.test.js" time="0.0000" failures="0">
  </testsuite>
  <testsuite name="given a username and password" timestamp="2022-07-04T15:59:08" tests="6" file="/Users/quentin/Documents/GitHub/ProjetTS/test/auth.test.js" time="0.0440" failures="1">
    <testcase name="POST /users given a username and password should respond with a 200 status code" time="0.0290" classname="should respond with a 200 status code">
    </testcase>
    <testcase name="POST /users given a username and password should specify json in the content type header" time="0.0040" classname="should specify json in the content type header">
      <failure message="&apos;application/json; charset=utf-8&apos; == &apos;json&apos;" type="AssertionError"><![CDATA[AssertionError [ERR_ASSERTION]: 'application/json; charset=utf-8' == 'json'
    at Context.<anonymous> (test/auth.test.js:22:14)
    at processTicksAndRejections (node:internal/process/task_queues:96:5)]]></failure>
    </testcase>
    <testcase name="POST /users given a username and password password too short status code" time="0.0020" classname="password too short status code">
    </testcase>
    <testcase name="POST /users given a username and password response json is &apos;good password&apos; with status 200" time="0.0020" classname="response json is &apos;good password&apos; with status 200">
    </testcase>
    <testcase name="POST /users given a username and password response json is &apos;Medium password&apos; with status 200" time="0.0030" classname="response json is &apos;Medium password&apos; with status 200">
    </testcase>
    <testcase name="POST /users given a username and password response json is &apos;Poor password&apos; with status 200" time="0.0010" classname="response json is &apos;Poor password&apos; with status 200">
    </testcase>
  </testsuite>
  <testsuite name="when the username and password is missing" timestamp="2022-07-04T15:59:08" tests="1" file="/Users/quentin/Documents/GitHub/ProjetTS/test/auth.test.js" time="0.0050" failures="0">
    <testcase name="POST /users when the username and password is missing should respond with a status code of 400" time="0.0050" classname="should respond with a status code of 400">
    </testcase>
  </testsuite>
  <testsuite name="Simple Math Test" timestamp="2022-07-04T15:59:08" tests="2" file="/Users/quentin/Documents/GitHub/ProjetTS/test/test.js" time="0.0010" failures="0">
    <testcase name="Simple Math Test should return 2" time="0.0000" classname="should return 2">
    </testcase>
    <testcase name="Simple Math Test should return 9" time="0.0000" classname="should return 9">
    </testcase>
  </testsuite>
</testsuites>